Removed Pin From Net: NetName=BTN_2 Pin=U1-7
Removed Pin From Net: NetName=BTN_1 Pin=U1-8
Change Component Description : Designator=H1 Old Description=C?m New Description=C?m
Change Component Description : Designator=H2 Old Description=C?m New Description=C?m
Change Component Description : Designator=H3 Old Description=C?m New Description=C?m
Change Component Description : Designator=H4 Old Description=C?m New Description=C?m
Change Component Description : Designator=KF1 Old Description=C?m New Description=C?m
Change Component Description : Designator=KF2 Old Description=C?m New Description=C?m
Change Component Description : Designator=KF3 Old Description=C?m New Description=C?m
Change Component Description : Designator=KF4 Old Description=C?m New Description=C?m
Change Component Description : Designator=KF5 Old Description=C?m New Description=C?m
Change Component Description : Designator=KF6 Old Description=C?m New Description=C?m
Change Component Description : Designator=KF7 Old Description=C?m New Description=C?m
Change Component Description : Designator=KF8 Old Description=C?m New Description=C?m
Change Component Description : Designator=KF9 Old Description=C?m New Description=C?m
Change Component Description : Designator=KF10 Old Description=C?m New Description=C?m
Change Component Description : Designator=KF11 Old Description=C?m New Description=C?m
Added Pin To Net: NetName=BTN_1 Pin=U1-7
Added Pin To Net: NetName=BTN_2 Pin=U1-8
Added Room: Name=esp32_radio_sch
