Change Component Designator: Old Designator=D1 New Designator=D?
Change Component Designator: Old Designator=H1 New Designator=H?
Change Component Designator: Old Designator=H2 New Designator=H?
Change Component Designator: Old Designator=H3 New Designator=H?
Change Component Designator: Old Designator=H4 New Designator=H?
Change Component Designator: Old Designator=JACK DC1 New Designator=JACK DC?
Change Component Designator: Old Designator=KF1 New Designator=KF?
Change Component Designator: Old Designator=KF2 New Designator=KF?
Change Component Designator: Old Designator=KF3 New Designator=KF?
Change Component Designator: Old Designator=KF4 New Designator=KF?
Change Component Designator: Old Designator=KF5 New Designator=KF?
Change Component Designator: Old Designator=L1 New Designator=L?
Change Component Designator: Old Designator=P1 New Designator=P?
Change Component Designator: Old Designator=R1 New Designator=R?
Change Component Designator: Old Designator=R2 New Designator=R?
Change Component Designator: Old Designator=R3 New Designator=R?
Change Component Designator: Old Designator=R4 New Designator=R?
Change Component Designator: Old Designator=R5 New Designator=R?
Change Component Designator: Old Designator=R6 New Designator=R?
Change Component Designator: Old Designator=R7 New Designator=R?
Change Component Designator: Old Designator=R8 New Designator=R?
Change Component Designator: Old Designator=U1 New Designator=U?
