Change Component Designator: OldDesignator=C? NewDesignator=C1
Change Component Designator: OldDesignator=C? NewDesignator=C2
Change Component Designator: OldDesignator=C? NewDesignator=C3
Change Component Designator: OldDesignator=C? NewDesignator=C4
Change Component Designator: OldDesignator=D? NewDesignator=D1
Change Component Designator: OldDesignator=H? NewDesignator=H1
Change Component Designator: OldDesignator=H? NewDesignator=H2
Change Component Designator: OldDesignator=H? NewDesignator=H3
Change Component Designator: OldDesignator=H? NewDesignator=H4
Change Component Designator: OldDesignator=JACK DC? NewDesignator=JACK DC1
Change Component Designator: OldDesignator=KF? NewDesignator=KF1
Change Component Designator: OldDesignator=KF? NewDesignator=KF2
Change Component Designator: OldDesignator=KF? NewDesignator=KF3
Change Component Designator: OldDesignator=KF? NewDesignator=KF4
Change Component Designator: OldDesignator=KF? NewDesignator=KF5
Change Component Designator: OldDesignator=KF? NewDesignator=KF6
Change Component Designator: OldDesignator=KF? NewDesignator=KF7
Change Component Designator: OldDesignator=KF? NewDesignator=KF8
Change Component Designator: OldDesignator=KF? NewDesignator=KF9
Change Component Designator: OldDesignator=KF? NewDesignator=KF10
Change Component Designator: OldDesignator=KF? NewDesignator=KF11
Change Component Designator: OldDesignator=L? NewDesignator=L1
Change Component Designator: OldDesignator=P? NewDesignator=P1
Change Component Designator: OldDesignator=R? NewDesignator=R1
Change Component Designator: OldDesignator=R? NewDesignator=R2
Change Component Designator: OldDesignator=R? NewDesignator=R3
Change Component Designator: OldDesignator=R? NewDesignator=R4
Change Component Designator: OldDesignator=R? NewDesignator=R5
Change Component Designator: OldDesignator=R? NewDesignator=R6
Change Component Designator: OldDesignator=R? NewDesignator=R7
Change Component Designator: OldDesignator=R? NewDesignator=R8
Change Component Designator: OldDesignator=R? NewDesignator=R9
Change Component Designator: OldDesignator=R? NewDesignator=R10
Change Component Designator: OldDesignator=R? NewDesignator=R11
Change Component Designator: OldDesignator=R? NewDesignator=R12
Change Component Designator: OldDesignator=R? NewDesignator=R13
Change Component Designator: OldDesignator=R? NewDesignator=R14
Change Component Designator: OldDesignator=U? NewDesignator=U1
Change Net Name : Old Net Name=NetD?_2 New Net Name=NetD1_2
Change Net Name : Old Net Name=NetL?_2 New Net Name=NetL1_2
Added Member To Class: ClassName=esp32_radio_sch Member=Component C1 470uF
Added Member To Class: ClassName=esp32_radio_sch Member=Component C2 470uF
Added Member To Class: ClassName=esp32_radio_sch Member=Component C3 10pF
Added Member To Class: ClassName=esp32_radio_sch Member=Component H1 Header 6P 2.54 Duc Thang
Added Member To Class: ClassName=esp32_radio_sch Member=Component H2 Header 4P 2.54 Duc Thang
Added Member To Class: ClassName=esp32_radio_sch Member=Component H3 Header 8P 2.54 Duc Thang
Added Member To Class: ClassName=esp32_radio_sch Member=Component H4 Header 3P 2.54 Duc Thang
Added Member To Class: ClassName=esp32_radio_sch Member=Component KF1 CON 2 KF301
Added Member To Class: ClassName=esp32_radio_sch Member=Component KF2 CON 2 KF301
Added Member To Class: ClassName=esp32_radio_sch Member=Component KF3 CON 2 KF301
Added Member To Class: ClassName=esp32_radio_sch Member=Component KF4 CON 2 KF301
Added Member To Class: ClassName=esp32_radio_sch Member=Component KF5 CON 2 KF301
Added Member To Class: ClassName=esp32_radio_sch Member=Component KF6 CON 2 KF301
Added Member To Class: ClassName=esp32_radio_sch Member=Component KF7 CON 2 KF301
Added Member To Class: ClassName=esp32_radio_sch Member=Component KF8 CON 2 KF301
Added Member To Class: ClassName=esp32_radio_sch Member=Component KF9 CON 2 KF301
Added Member To Class: ClassName=esp32_radio_sch Member=Component KF10 CON 2 KF301
Added Member To Class: ClassName=esp32_radio_sch Member=Component R1 10K
Added Member To Class: ClassName=esp32_radio_sch Member=Component R2 10K
Added Member To Class: ClassName=esp32_radio_sch Member=Component R3 10k
Added Member To Class: ClassName=esp32_radio_sch Member=Component R4 10k
Added Member To Class: ClassName=esp32_radio_sch Member=Component R5 10k
Added Member To Class: ClassName=esp32_radio_sch Member=Component R6 10k
Added Member To Class: ClassName=esp32_radio_sch Member=Component R7 10k
Added Member To Class: ClassName=esp32_radio_sch Member=Component R8 10k
Added Member To Class: ClassName=esp32_radio_sch Member=Component R9 10k
Added Member To Class: ClassName=esp32_radio_sch Member=Component R10 10k
Added Member To Class: ClassName=esp32_radio_sch Member=Component R11 10k
Added Member To Class: ClassName=esp32_radio_sch Member=Component R12 10k
Added Member To Class: ClassName=esp32_radio_sch Member=Component R13 10k
Added Room: Name=esp32_radio_sch
