Change Component Designator: OldDesignator=BT? NewDesignator=BT1
Change Component Designator: OldDesignator=BT? NewDesignator=BT2
Change Component Designator: OldDesignator=BT? NewDesignator=BT3
Change Component Designator: OldDesignator=JACK DC? NewDesignator=JACK DC1
Change Component Designator: OldDesignator=JP? NewDesignator=JP1
Change Component Designator: OldDesignator=JP? NewDesignator=JP2
Change Component Designator: OldDesignator=JP? NewDesignator=JP3
Change Component Designator: OldDesignator=L? NewDesignator=L1
Change Component Designator: OldDesignator=P? NewDesignator=P1
Change Component Designator: OldDesignator=R? NewDesignator=R1
Change Component Designator: OldDesignator=R? NewDesignator=R2
Change Component Designator: OldDesignator=R? NewDesignator=R3
Change Component Designator: OldDesignator=R? NewDesignator=R4
Change Component Designator: OldDesignator=R? NewDesignator=R5
Change Component Designator: OldDesignator=R? NewDesignator=R6
Change Component Designator: OldDesignator=U? NewDesignator=U1
Change Component Designator: OldDesignator=VR? NewDesignator=VR1
Change Net Name : Old Net Name=NetL?_2 New Net Name=NetL1_2
Added Member To Class: ClassName=esp32_radio_sch Member=Component BT1 Nut Nhan 2 Chan SMD 3x6x2.5
Added Member To Class: ClassName=esp32_radio_sch Member=Component BT2 Nut Nhan 2 Chan SMD 3x6x2.5
Added Member To Class: ClassName=esp32_radio_sch Member=Component JP1 JP 1x6 2.54
Added Member To Class: ClassName=esp32_radio_sch Member=Component JP3 JP 1x4 2.54
Added Member To Class: ClassName=esp32_radio_sch Member=Component R1 1K
Added Member To Class: ClassName=esp32_radio_sch Member=Component R3 10k
Added Member To Class: ClassName=esp32_radio_sch Member=Component R4 10k
Added Member To Class: ClassName=esp32_radio_sch Member=Component R5 10k
Added Member To Class: ClassName=esp32_radio_sch Member=Component R6 10k
Added Room: Name=esp32_radio_sch
