Added Component: Designator=BT?(Nut Nhan 2 Chan SMD 3x6x2.5)
Added Component: Designator=BT?(Nut Nhan 2 Chan SMD 3x6x2.5)
Added Component: Designator=BT?(Nut Nhan 2 Chan SMD 3x6x2.5)
Added Component: Designator=JACK DC?(JACK DC 5.5)
Added Component: Designator=JP?(JP 1x6 CT)
Added Component: Designator=JP?(JP 1x4 CT)
Added Component: Designator=JP?(JP 1x4 CC)
Added Component: Designator=KF1(Con 2 KF301 5.08)
Added Component: Designator=L?(LED-0805-Red)
Added Component: Designator=P?(HDR1X11)
Added Component: Designator=R?(tro smd 0805)
Added Component: Designator=R?(tro smd 0805)
Added Component: Designator=R?(tro smd 0805)
Added Component: Designator=R?(tro smd 0805)
Added Component: Designator=R?(tro smd 0805)
Added Component: Designator=R?(tro smd 0805)
Added Component: Designator=U?(MODULE_ESP32-DEVKITV1)
Added Component: Designator=VR?(VR-D1)
Added Pin To Net: NetName=+3V3 Pin=JP?-1
Added Pin To Net: NetName=+3V3 Pin=R?-2
Added Pin To Net: NetName=+3V3 Pin=R?-2
Added Pin To Net: NetName=+3V3 Pin=U?-1
Added Pin To Net: NetName=+3V3 Pin=VR?-1
Added Net: Name=+3V3
Added Pin To Net: NetName=+5V Pin=JACK DC?-1
Added Pin To Net: NetName=+5V Pin=JP?-6
Added Pin To Net: NetName=+5V Pin=P?-7
Added Pin To Net: NetName=+5V Pin=R?-2
Added Pin To Net: NetName=+5V Pin=R?-2
Added Pin To Net: NetName=+5V Pin=R?-2
Added Pin To Net: NetName=+5V Pin=R?-2
Added Pin To Net: NetName=+5V Pin=U?-30
Added Net: Name=+5V
Added Pin To Net: NetName=ANALOG Pin=U?-19
Added Pin To Net: NetName=ANALOG Pin=VR?-2
Added Net: Name=ANALOG
Added Pin To Net: NetName=BCK Pin=JP?-2
Added Net: Name=BCK
Added Pin To Net: NetName=BCLK Pin=U?-25
Added Net: Name=BCLK
Added Pin To Net: NetName=BTN1 Pin=BT?-2
Added Pin To Net: NetName=BTN1 Pin=R?-1
Added Pin To Net: NetName=BTN1 Pin=U?-3
Added Net: Name=BTN1
Added Pin To Net: NetName=BTN2 Pin=BT?-2
Added Pin To Net: NetName=BTN2 Pin=R?-1
Added Pin To Net: NetName=BTN2 Pin=U?-4
Added Net: Name=BTN2
Added Pin To Net: NetName=BTN3 Pin=BT?-2
Added Pin To Net: NetName=BTN3 Pin=R?-1
Added Pin To Net: NetName=BTN3 Pin=U?-5
Added Net: Name=BTN3
Added Pin To Net: NetName=DIN Pin=JP?-3
Added Pin To Net: NetName=DIN Pin=U?-23
Added Net: Name=DIN
Added Pin To Net: NetName=GND Pin=BT?-1
Added Pin To Net: NetName=GND Pin=BT?-1
Added Pin To Net: NetName=GND Pin=BT?-1
Added Pin To Net: NetName=GND Pin=JACK DC?-2
Added Pin To Net: NetName=GND Pin=JACK DC?-3
Added Pin To Net: NetName=GND Pin=JP?-1
Added Pin To Net: NetName=GND Pin=JP?-4
Added Pin To Net: NetName=GND Pin=JP?-4
Added Pin To Net: NetName=GND Pin=JP?-5
Added Pin To Net: NetName=GND Pin=P?-6
Added Pin To Net: NetName=GND Pin=P?-10
Added Pin To Net: NetName=GND Pin=U?-2
Added Pin To Net: NetName=GND Pin=U?-29
Added Pin To Net: NetName=GND Pin=VR?-3
Added Net: Name=GND
Added Pin To Net: NetName=LCK Pin=JP?-4
Added Pin To Net: NetName=LCK Pin=U?-24
Added Net: Name=LCK
Added Pin To Net: NetName=LED1 Pin=L?-1
Added Pin To Net: NetName=LED1 Pin=U?-6
Added Net: Name=LED1
Added Pin To Net: NetName=NetL?_2 Pin=L?-2
Added Pin To Net: NetName=NetL?_2 Pin=R?-1
Added Net: Name=NetL?_2
Added Pin To Net: NetName=NETLABEL24 Pin=JP?-2
Added Net: Name=NETLABEL24
Added Pin To Net: NetName=SCL Pin=JP?-3
Added Pin To Net: NetName=SCL Pin=JP?-3
Added Pin To Net: NetName=SCL Pin=R?-1
Added Pin To Net: NetName=SCL Pin=U?-14
Added Net: Name=SCL
Added Pin To Net: NetName=SDA Pin=JP?-1
Added Pin To Net: NetName=SDA Pin=JP?-2
Added Pin To Net: NetName=SDA Pin=R?-1
Added Pin To Net: NetName=SDA Pin=U?-11
Added Net: Name=SDA
Added Pin To Net: NetName=SPK_IN_L Pin=P?-9
Added Net: Name=SPK_IN_L
Added Pin To Net: NetName=SPK_IN_R Pin=P?-11
Added Net: Name=SPK_IN_R
Added Pin To Net: NetName=SPK_OUT_L Pin=KF1-2
Added Pin To Net: NetName=SPK_OUT_L Pin=P?-3
Added Net: Name=SPK_OUT_L
Added Pin To Net: NetName=SPK_OUT_R Pin=KF1-1
Added Pin To Net: NetName=SPK_OUT_R Pin=P?-1
Added Net: Name=SPK_OUT_R
Added Class: Name=esp32_radio_sch
Added Room: Name=esp32_radio_sch
